

Microchip Technology PIC18 Macro Assembler V1.36 build -262312587 
                                                                                                           Mon Mar  6 23:00:00 2023


     1                           
     2                           	; Microchip MPLAB XC8 C Compiler V1.36
     3                           	; Copyright (C) 1984-2016 HI-TECH Software
     4                           
     5                           	; Auto-generated runtime startup code for final link stage.
     6                           
     7                           	;
     8                           	; Compiler options:
     9                           	;
    10                           	; --chip=18F4580 -I/opt/microchip/xc8/v1.36/include/ --ROM=0-3000 -Q \
    11                           	; --opt=all --asmlist --summary=psect,mem -Mpic18F4580.map -DCOMPILER= \
    12                           	; -intel changepass.p1 clcd.p1 uart.p1 main.p1 matrix_keypad.p1 pass.p1 \
    13                           	; download.p1 EEP.p1 ds1307.p1 view.p1 settime.p1 i2c.p1 adc.p1 \
    14                           	; -opic18F4580.hex
    15                           	;
    16                           
    17                           
    18                           	processor	18F4580
    19                           
    20                           	GLOBAL	_main,start
    21                           	FNROOT	_main
    22                           
    23  0000                     
    24                           	psect	config,class=CONFIG,delta=1,noexec
    25                           	psect	idloc,class=IDLOC,delta=1,noexec
    26                           	psect	const,class=CONST,delta=1,reloc=2,noexec
    27                           	psect	smallconst,class=SMALLCONST,delta=1,reloc=2,noexec
    28                           	psect	mediumconst,class=MEDIUMCONST,delta=1,reloc=2,noexec
    29                           	psect	rbss,class=COMRAM,space=1,noexec
    30                           	psect	bss,class=RAM,space=1,noexec
    31                           	psect	rdata,class=COMRAM,space=1,noexec
    32                           	psect	irdata,class=CODE,space=0,reloc=2,noexec
    33                           	psect	bss,class=RAM,space=1,noexec
    34                           	psect	data,class=RAM,space=1,noexec
    35                           	psect	idata,class=CODE,space=0,reloc=2,noexec
    36                           	psect	nvrram,class=COMRAM,space=1,noexec
    37                           	psect	nvbit,class=COMRAM,bit,space=1,noexec
    38                           	psect	temp,ovrld,class=COMRAM,space=1,noexec
    39                           	psect	struct,ovrld,class=COMRAM,space=1,noexec
    40                           	psect	rbit,class=COMRAM,bit,space=1,noexec
    41                           	psect	bigbss,class=BIGRAM,space=1,noexec
    42                           	psect	bigdata,class=BIGRAM,space=1,noexec
    43                           	psect	ibigdata,class=CODE,space=0,reloc=2,noexec
    44                           	psect	farbss,class=FARRAM,space=0,reloc=2,delta=1,noexec
    45                           	psect	nvFARRAM,class=FARRAM,space=0,reloc=2,delta=1,noexec
    46                           	psect	fardata,class=FARRAM,space=0,reloc=2,delta=1,noexec
    47                           	psect	ifardata,class=CODE,space=0,reloc=2,delta=1,noexec
    48                           
    49                           	psect	reset_vec,class=CODE,delta=1,reloc=2
    50                           	psect	powerup,class=CODE,delta=1,reloc=2
    51                           	psect	intcode,class=CODE,delta=1,reloc=2
    52                           	psect	intcode_body,class=CODE,delta=1,reloc=2
    53                           	psect	intcodelo,class=CODE,delta=1,reloc=2
    54                           	psect	intret,class=CODE,delta=1,reloc=2
    55                           	psect	intentry,class=CODE,delta=1,reloc=2
    56                           
    57                           	psect	intsave_regs,class=BIGRAM,space=1
    58                           	psect	init,class=CODE,delta=1,reloc=2
    59                           	psect	text,class=CODE,delta=1,reloc=2
    60                           GLOBAL	intlevel0,intlevel1,intlevel2
    61                           intlevel0:
    62  000000                     intlevel1:
    63  000000                     intlevel2:
    64  000000                     GLOBAL	intlevel3
    65                           intlevel3:
    66  000000                     	psect	end_init,class=CODE,delta=1,reloc=2
    67                           	psect	clrtext,class=CODE,delta=1,reloc=2
    68                           
    69                           	psect	eeprom_data,class=EEDATA,delta=1,noexec
    70                           	psect	smallconst
    71                           	GLOBAL	__smallconst
    72                           __smallconst:
    73  000000                     	psect	mediumconst
    74                           	GLOBAL	__mediumconst
    75                           __mediumconst:
    76  002EFC                     wreg	EQU	0FE8h
    77  0000                     fsr0l	EQU	0FE9h
    78  0000                     fsr0h	EQU	0FEAh
    79  0000                     fsr1l	EQU	0FE1h
    80  0000                     fsr1h	EQU	0FE2h
    81  0000                     fsr2l	EQU	0FD9h
    82  0000                     fsr2h	EQU	0FDAh
    83  0000                     postinc0	EQU	0FEEh
    84  0000                     postdec0	EQU	0FEDh
    85  0000                     postinc1	EQU	0FE6h
    86  0000                     postdec1	EQU	0FE5h
    87  0000                     postinc2	EQU	0FDEh
    88  0000                     postdec2	EQU	0FDDh
    89  0000                     tblptrl	EQU	0FF6h
    90  0000                     tblptrh	EQU	0FF7h
    91  0000                     tblptru	EQU	0FF8h
    92  0000                     tablat		EQU	0FF5h
    93  0000                     
    94                           	PSECT	ramtop,class=RAM,noexec
    95                           	GLOBAL	__S1			; top of RAM usage
    96                           	GLOBAL	__ramtop
    97                           	GLOBAL	__LRAM,__HRAM
    98                           __ramtop:
    99  000600                     
   100                           	psect	reset_vec
   101                           reset_vec:
   102  000000                     	; No powerup routine
   103                           	; No interrupt routine
   104                           	GLOBAL __accesstop
   105                           __accesstop EQU 96
   106  0000                     
   107                           
   108                           	psect	init
   109                           start:
   110  000000                     
   111                           ;Initialize the stack pointer (FSR1)
   112                           	global stacklo, stackhi
   113                           	stacklo	equ	01C6h
   114  0000                     	stackhi	equ	05FFh
   115  0000                     
   116                           
   117                           	psect	stack,class=STACK,space=2,noexec
   118                           	global ___sp,___inthi_sp,___intlo_sp
   119                           ___sp:
   120  000000                     ___inthi_sp:
   121  000000                     ___intlo_sp:
   122  000000                     
   123                           	psect	end_init
   124                           	global start_initialization
   125                           	goto start_initialization	;jump to C runtime clear & initialization
   126  000000  EF41  F00A         


Microchip Technology PIC18 Macro Assembler V1.36 build -262312587 
Symbol Table                                                                                               Mon Mar  6 23:00:00 2023

                __S1 01C6                 ___sp 0000                 _main 2404                 start 0000  
              __HRAM 0000                __LRAM 0001         __mediumconst 2EFC               stackhi 0005FF  
             stacklo 0001C6           __accesstop 000060           ___inthi_sp 0000           ___intlo_sp 0000  
            __ramtop 0600  start_initialization 1482          __smallconst 0000             intlevel0 0000  
           intlevel1 0000             intlevel2 0000             intlevel3 0000             reset_vec 0000  
